Using pre-set license
Built from '2022.3/release' branch; Version is '2022.3.20f1 (61c2feb0970d) revision 6406910'; Using compiler version '192829333'; Build Type 'Release'
OS: 'Windows 11  (10.0.22631) 64bit CoreSingleLanguage' Language: 'en' Physical Memory: 12071 MB
BatchMode: 1, IsHumanControllingUs: 0, StartBugReporterOnCrash: 0, Is64bit: 1, IsPro: 1

COMMAND LINE ARGUMENTS:
C:\Program Files\Unity\Hub\Editor\2022.3.20f1\Editor\Unity.exe
-adb2
-batchMode
-noUpm
-name
AssetImportWorker0
-projectPath
D:/GitHub/2dSpace-Shooter/2DSpaceshooter
-logFile
Logs/AssetImportWorker0.log
-srvPort
63307
Successfully changed project path to: D:/GitHub/2dSpace-Shooter/2DSpaceshooter
D:/GitHub/2dSpace-Shooter/2DSpaceshooter
[UnityMemory] Configuration Parameters - Can be set up in boot.config
    "memorysetup-bucket-allocator-granularity=16"
    "memorysetup-bucket-allocator-bucket-count=8"
    "memorysetup-bucket-allocator-block-size=33554432"
    "memorysetup-bucket-allocator-block-count=8"
    "memorysetup-main-allocator-block-size=16777216"
    "memorysetup-thread-allocator-block-size=16777216"
    "memorysetup-gfx-main-allocator-block-size=16777216"
    "memorysetup-gfx-thread-allocator-block-size=16777216"
    "memorysetup-cache-allocator-block-size=4194304"
    "memorysetup-typetree-allocator-block-size=2097152"
    "memorysetup-profiler-bucket-allocator-granularity=16"
    "memorysetup-profiler-bucket-allocator-bucket-count=8"
    "memorysetup-profiler-bucket-allocator-block-size=33554432"
    "memorysetup-profiler-bucket-allocator-block-count=8"
    "memorysetup-profiler-allocator-block-size=16777216"
    "memorysetup-profiler-editor-allocator-block-size=1048576"
    "memorysetup-temp-allocator-size-main=16777216"
    "memorysetup-job-temp-allocator-block-size=2097152"
    "memorysetup-job-temp-allocator-block-size-background=1048576"
    "memorysetup-job-temp-allocator-reduction-small-platforms=262144"
    "memorysetup-allocator-temp-initial-block-size-main=262144"
    "memorysetup-allocator-temp-initial-block-size-worker=262144"
    "memorysetup-temp-allocator-size-background-worker=32768"
    "memorysetup-temp-allocator-size-job-worker=262144"
    "memorysetup-temp-allocator-size-preload-manager=33554432"
    "memorysetup-temp-allocator-size-nav-mesh-worker=65536"
    "memorysetup-temp-allocator-size-audio-worker=65536"
    "memorysetup-temp-allocator-size-cloud-worker=32768"
    "memorysetup-temp-allocator-size-gi-baking-worker=262144"
    "memorysetup-temp-allocator-size-gfx=262144"
Player connection [10944] Host "[IP] 192.168.56.1 [Port] 0 [Flags] 2 [Guid] 1541753302 [EditorId] 1541753302 [Version] 1048832 [Id] WindowsEditor(7,LAPTOP-UOLU8JLA) [Debug] 1 [PackageName] WindowsEditor [ProjectName] Editor" joined multi-casting on [225.0.0.222:54997]...

Player connection [10944] Host "[IP] 192.168.56.1 [Port] 0 [Flags] 2 [Guid] 1541753302 [EditorId] 1541753302 [Version] 1048832 [Id] WindowsEditor(7,LAPTOP-UOLU8JLA) [Debug] 1 [PackageName] WindowsEditor [ProjectName] Editor" joined alternative multi-casting on [225.0.0.222:34997]...

[Physics::Module] Initialized MultithreadedJobDispatcher with 7 workers.
Refreshing native plugins compatible for Editor in 3.86 ms, found 3 plugins.
Preloading 0 native plugins for Editor in 0.00 ms.
Initialize engine version: 2022.3.20f1 (61c2feb0970d)
[Subsystems] Discovering subsystems at path C:/Program Files/Unity/Hub/Editor/2022.3.20f1/Editor/Data/Resources/UnitySubsystems
[Subsystems] Discovering subsystems at path D:/GitHub/2dSpace-Shooter/2DSpaceshooter/Assets
GfxDevice: creating device client; threaded=0; jobified=0
Direct3D:
    Version:  Direct3D 11.0 [level 11.1]
    Renderer: NVIDIA GeForce RTX 2050 (ID=0x25ad)
    Vendor:   NVIDIA
    VRAM:     3965 MB
    Driver:   31.0.15.5161
Initialize mono
Mono path[0] = 'C:/Program Files/Unity/Hub/Editor/2022.3.20f1/Editor/Data/Managed'
Mono path[1] = 'C:/Program Files/Unity/Hub/Editor/2022.3.20f1/Editor/Data/MonoBleedingEdge/lib/mono/unityjit-win32'
Mono config path = 'C:/Program Files/Unity/Hub/Editor/2022.3.20f1/Editor/Data/MonoBleedingEdge/etc'
Using monoOptions --debugger-agent=transport=dt_socket,embedding=1,server=y,suspend=n,address=127.0.0.1:56072
Begin MonoManager ReloadAssembly
Registering precompiled unity dll's ...
Register platform support module: C:/Program Files/Unity/Hub/Editor/2022.3.20f1/Editor/Data/PlaybackEngines/WebGLSupport/UnityEditor.WebGL.Extensions.dll
Register platform support module: C:/Program Files/Unity/Hub/Editor/2022.3.20f1/Editor/Data/PlaybackEngines/AndroidPlayer/UnityEditor.Android.Extensions.dll
Register platform support module: C:/Program Files/Unity/Hub/Editor/2022.3.20f1/Editor/Data/PlaybackEngines/WindowsStandaloneSupport/UnityEditor.WindowsStandalone.Extensions.dll
Register platform support module: C:/Program Files/Unity/Hub/Editor/2022.3.20f1/Editor/Data/PlaybackEngines/MetroSupport/UnityEditor.UWP.Extensions.dll
Registered in 0.013452 seconds.
- Loaded All Assemblies, in  0.629 seconds
Native extension for UWP target not found
Native extension for WindowsStandalone target not found
Native extension for Android target not found
Android Extension - Scanning For ADB Devices 235 ms
Native extension for WebGL target not found
Mono: successfully reloaded assembly
- Finished resetting the current domain, in  0.660 seconds
Domain Reload Profiling: 1287ms
	BeginReloadAssembly (171ms)
		ExecutionOrderSort (0ms)
		DisableScriptedObjects (0ms)
		BackupInstance (0ms)
		ReleaseScriptingObjects (0ms)
		CreateAndSetChildDomain (1ms)
	RebuildCommonClasses (60ms)
	RebuildNativeTypeToScriptingClass (16ms)
	initialDomainReloadingComplete (90ms)
	LoadAllAssembliesAndSetupDomain (289ms)
		LoadAssemblies (174ms)
		RebuildTransferFunctionScriptingTraits (0ms)
		AnalyzeDomain (283ms)
			TypeCache.Refresh (281ms)
				TypeCache.ScanAssembly (251ms)
			ScanForSourceGeneratedMonoScriptInfo (1ms)
			ResolveRequiredComponents (1ms)
	FinalizeReload (661ms)
		ReleaseScriptCaches (0ms)
		RebuildScriptCaches (0ms)
		SetupLoadedEditorAssemblies (575ms)
			LogAssemblyErrors (0ms)
			InitializePlatformSupportModulesInManaged (348ms)
			SetLoadedEditorAssemblies (3ms)
			RefreshPlugins (0ms)
			BeforeProcessingInitializeOnLoad (3ms)
			ProcessInitializeOnLoadAttributes (142ms)
			ProcessInitializeOnLoadMethodAttributes (79ms)
			AfterProcessingInitializeOnLoad (0ms)
			EditorAssembliesLoaded (0ms)
		ExecutionOrderSort2 (0ms)
		AwakeInstancesAfterBackupRestoration (0ms)
========================================================================
Worker process is ready to serve import requests
Begin MonoManager ReloadAssembly
- Loaded All Assemblies, in  0.750 seconds
Refreshing native plugins compatible for Editor in 1.63 ms, found 3 plugins.
Native extension for UWP target not found
Native extension for WindowsStandalone target not found
Native extension for Android target not found
Native extension for WebGL target not found
Package Manager log level set to [2]
[Package Manager] Server::EnsureServerProcessIsRunning -- launch failed, reason: Unity was launched with the -noUpm command-line argument
[Package Manager] UpmClient::Send -- Unable to send message (not connected to UPM process).
[Package Manager] Cannot connect to Unity Package Manager local server
Mono: successfully reloaded assembly
- Finished resetting the current domain, in  0.542 seconds
Domain Reload Profiling: 1292ms
	BeginReloadAssembly (246ms)
		ExecutionOrderSort (0ms)
		DisableScriptedObjects (5ms)
		BackupInstance (0ms)
		ReleaseScriptingObjects (0ms)
		CreateAndSetChildDomain (33ms)
	RebuildCommonClasses (55ms)
	RebuildNativeTypeToScriptingClass (16ms)
	initialDomainReloadingComplete (54ms)
	LoadAllAssembliesAndSetupDomain (378ms)
		LoadAssemblies (397ms)
		RebuildTransferFunctionScriptingTraits (0ms)
		AnalyzeDomain (138ms)
			TypeCache.Refresh (117ms)
				TypeCache.ScanAssembly (99ms)
			ScanForSourceGeneratedMonoScriptInfo (18ms)
			ResolveRequiredComponents (3ms)
	FinalizeReload (543ms)
		ReleaseScriptCaches (0ms)
		RebuildScriptCaches (0ms)
		SetupLoadedEditorAssemblies (401ms)
			LogAssemblyErrors (0ms)
			InitializePlatformSupportModulesInManaged (24ms)
			SetLoadedEditorAssemblies (3ms)
			RefreshPlugins (0ms)
			BeforeProcessingInitializeOnLoad (50ms)
			ProcessInitializeOnLoadAttributes (284ms)
			ProcessInitializeOnLoadMethodAttributes (36ms)
			AfterProcessingInitializeOnLoad (4ms)
			EditorAssembliesLoaded (0ms)
		ExecutionOrderSort2 (0ms)
		AwakeInstancesAfterBackupRestoration (6ms)
Launched and connected shader compiler UnityShaderCompiler.exe after 0.04 seconds
Refreshing native plugins compatible for Editor in 2.19 ms, found 3 plugins.
Preloading 0 native plugins for Editor in 0.00 ms.
Unloading 2465 Unused Serialized files (Serialized files now loaded: 0)
Unloading 55 unused Assets / (58.9 KB). Loaded Objects now: 2936.
Memory consumption went from 120.0 MB to 119.9 MB.
Total: 4.301100 ms (FindLiveObjects: 0.271700 ms CreateObjectMapping: 0.079400 ms MarkObjects: 3.688000 ms  DeleteObjects: 0.260300 ms)

AssetImportParameters requested are different than current active one (requested -> active):
  custom:video-decoder-webm-vp8: 9c59270c3fd7afecdb556c50c9e8de78 -> 
  custom:SearchIndexIgnoredProperties: e643bd26f0fe6173181afceb89e7c659 -> 
  custom:container-demuxer-ogg: 62fdf1f143b41e24485cea50d1cbac27 -> 
  custom:AudioImporter_EditorPlatform: d09bf68614088b80899f8185d706f6e7 -> 
  custom:video-codec-MediaFoundation-h265: 746d11721c4dcdbdad8f713fa42b33f4 -> 
  custom:video-decoder-ogg-theora: a1e56fd34408186e4bbccfd4996cb3dc -> 
  custom:framework-win-MediaFoundation: 216162199b28c13a410421893ffa2e32 -> 
  custom:video-encoder-webm-vp8: eb34c28f22e8b96e1ab97ce403110664 -> 
  custom:audio-decoder-ogg-vorbis: bf7c407c2cedff20999df2af8eb42d56 -> 
  custom:CustomObjectIndexerAttribute: 6d391050e5a25f67b0a2c618074f2cd9 -> 
  custom:container-demuxer-webm: 4f35f7cbe854078d1ac9338744f61a02 -> 
  custom:audio-encoder-webm-vorbis: bf7c407c2cedff20999df2af8eb42d56 -> 
  custom:container-muxer-webm: aa71ff27fc2769a1b78a27578f13a17b -> 
========================================================================
Received Import Request.
  Time since last request: 119875.546293 seconds.
  path: Assets/Sprites/lifebar.png
  artifactKey: Guid(a0aaea6f158559248ac73928141f374e) Importer(815301076,1909f56bfc062723c751e8b465ee728b)
Start importing Assets/Sprites/lifebar.png using Guid(a0aaea6f158559248ac73928141f374e) Importer(815301076,1909f56bfc062723c751e8b465ee728b)  -> (artifact id: '65aa268850cff2aec85ad1948804a33e') in 0.074487 seconds
Number of updated asset objects reloaded before import = 0
Number of asset objects unloaded after import = 3
========================================================================
Received Import Request.
  Time since last request: 0.000036 seconds.
  path: Assets/Sprites/megaastroid.png
  artifactKey: Guid(a74ea8739afd01f40b7df4c7abdf7fe4) Importer(815301076,1909f56bfc062723c751e8b465ee728b)
Start importing Assets/Sprites/megaastroid.png using Guid(a74ea8739afd01f40b7df4c7abdf7fe4) Importer(815301076,1909f56bfc062723c751e8b465ee728b)  -> (artifact id: 'a29d6826892d03059b46051918cb4a99') in 0.029106 seconds
Number of updated asset objects reloaded before import = 0
Number of asset objects unloaded after import = 3
========================================================================
Received Import Request.
  Time since last request: 0.000026 seconds.
  path: Assets/Sprites/Montserrat-Regular.ttf
  artifactKey: Guid(c98e708579d8e354ba3d375169752dd8) Importer(815301076,1909f56bfc062723c751e8b465ee728b)
Start importing Assets/Sprites/Montserrat-Regular.ttf using Guid(c98e708579d8e354ba3d375169752dd8) Importer(815301076,1909f56bfc062723c751e8b465ee728b)  -> (artifact id: '64b8ea47fb71055da06f672279e682ff') in 0.052807 seconds
Number of updated asset objects reloaded before import = 0
Number of asset objects unloaded after import = 4
========================================================================
Received Import Request.
  Time since last request: 0.000023 seconds.
  path: Assets/Sprites/bigastrod.png1.png
  artifactKey: Guid(fb415232c77666047a2c8d775aba351c) Importer(815301076,1909f56bfc062723c751e8b465ee728b)
Start importing Assets/Sprites/bigastrod.png1.png using Guid(fb415232c77666047a2c8d775aba351c) Importer(815301076,1909f56bfc062723c751e8b465ee728b)  -> (artifact id: 'ddc4c931e8f437c1f0a373a5cde74c39') in 0.027997 seconds
Number of updated asset objects reloaded before import = 0
Number of asset objects unloaded after import = 3
========================================================================
Received Import Request.
  Time since last request: 0.000048 seconds.
  path: Assets/Sprites/uimainmenu.png
  artifactKey: Guid(ee505db5752717245b7a0df5db85f553) Importer(815301076,1909f56bfc062723c751e8b465ee728b)
Start importing Assets/Sprites/uimainmenu.png using Guid(ee505db5752717245b7a0df5db85f553) Importer(815301076,1909f56bfc062723c751e8b465ee728b)  -> (artifact id: 'ed2dc0d63671fadf02eeabf5705a4117') in 0.025471 seconds
Number of updated asset objects reloaded before import = 0
Number of asset objects unloaded after import = 4
========================================================================
Received Import Request.
  Time since last request: 0.000021 seconds.
  path: Assets/Sprites/laser2.png
  artifactKey: Guid(d481ce9c00c68ed42a3d89a2093b0cae) Importer(815301076,1909f56bfc062723c751e8b465ee728b)
Start importing Assets/Sprites/laser2.png using Guid(d481ce9c00c68ed42a3d89a2093b0cae) Importer(815301076,1909f56bfc062723c751e8b465ee728b)  -> (artifact id: '6105b7b442e81614971b3d9e29ae1784') in 0.021452 seconds
Number of updated asset objects reloaded before import = 0
Number of asset objects unloaded after import = 3
========================================================================
Received Import Request.
  Time since last request: 0.000025 seconds.
  path: Assets/Sprites/planefinal.png
  artifactKey: Guid(8c8d0e72c2c2e964fa6bcce52591230f) Importer(815301076,1909f56bfc062723c751e8b465ee728b)
Start importing Assets/Sprites/planefinal.png using Guid(8c8d0e72c2c2e964fa6bcce52591230f) Importer(815301076,1909f56bfc062723c751e8b465ee728b)  -> (artifact id: '94a3ff180cc2c274563557d81bb938bc') in 0.025099 seconds
Number of updated asset objects reloaded before import = 0
Number of asset objects unloaded after import = 3
========================================================================
Received Import Request.
  Time since last request: 0.000018 seconds.
  path: Assets/Sprites/plane3.png
  artifactKey: Guid(76e44127ba4c431449e505b8d7eeabce) Importer(815301076,1909f56bfc062723c751e8b465ee728b)
Start importing Assets/Sprites/plane3.png using Guid(76e44127ba4c431449e505b8d7eeabce) Importer(815301076,1909f56bfc062723c751e8b465ee728b)  -> (artifact id: '2a6edc639b29d7d2deecda36415054d8') in 0.025127 seconds
Number of updated asset objects reloaded before import = 0
Number of asset objects unloaded after import = 3
========================================================================
Received Import Request.
  Time since last request: 0.000020 seconds.
  path: Assets/Sprites/softshadow.png
  artifactKey: Guid(bafa48f94b1645f4fa39762cb828a857) Importer(815301076,1909f56bfc062723c751e8b465ee728b)
Start importing Assets/Sprites/softshadow.png using Guid(bafa48f94b1645f4fa39762cb828a857) Importer(815301076,1909f56bfc062723c751e8b465ee728b)  -> (artifact id: '686a68192f2234a5c5f1177c1efedda7') in 0.033115 seconds
Number of updated asset objects reloaded before import = 0
Number of asset objects unloaded after import = 3
========================================================================
Received Import Request.
  Time since last request: 0.000028 seconds.
  path: Assets/Sprites/metorids.png
  artifactKey: Guid(2c1f76f744ced8e43b162f5993771a23) Importer(815301076,1909f56bfc062723c751e8b465ee728b)
Start importing Assets/Sprites/metorids.png using Guid(2c1f76f744ced8e43b162f5993771a23) Importer(815301076,1909f56bfc062723c751e8b465ee728b)  -> (artifact id: '4592bc3890a3ef11502a75f95aa33849') in 0.024110 seconds
Number of updated asset objects reloaded before import = 0
Number of asset objects unloaded after import = 3
========================================================================
Received Import Request.
  Time since last request: 0.000021 seconds.
  path: Assets/Sprites/big astroid.png
  artifactKey: Guid(69bffcac3316f964d8c583ff87acd94d) Importer(815301076,1909f56bfc062723c751e8b465ee728b)
Start importing Assets/Sprites/big astroid.png using Guid(69bffcac3316f964d8c583ff87acd94d) Importer(815301076,1909f56bfc062723c751e8b465ee728b)  -> (artifact id: '3ac32093c843b6c5143b67ea689e07b0') in 0.028911 seconds
Number of updated asset objects reloaded before import = 0
Number of asset objects unloaded after import = 3
========================================================================
Received Import Request.
  Time since last request: 0.000031 seconds.
  path: Assets/Sprites/plane2.png
  artifactKey: Guid(ed8f3621d0bfaff4eab63bf99a52c162) Importer(815301076,1909f56bfc062723c751e8b465ee728b)
Start importing Assets/Sprites/plane2.png using Guid(ed8f3621d0bfaff4eab63bf99a52c162) Importer(815301076,1909f56bfc062723c751e8b465ee728b)  -> (artifact id: 'f85a49490b8857ac4fd0f80987e6326e') in 0.025365 seconds
Number of updated asset objects reloaded before import = 0
Number of asset objects unloaded after import = 3
========================================================================
Received Import Request.
  Time since last request: 0.000082 seconds.
  path: Assets/Sprites/laser.png
  artifactKey: Guid(7463415c1bde50441bf6b795a0bb7430) Importer(815301076,1909f56bfc062723c751e8b465ee728b)
Start importing Assets/Sprites/laser.png using Guid(7463415c1bde50441bf6b795a0bb7430) Importer(815301076,1909f56bfc062723c751e8b465ee728b)  -> (artifact id: 'f2f806514da7a16dcbc4e473a02a0d37') in 0.020689 seconds
Number of updated asset objects reloaded before import = 0
Number of asset objects unloaded after import = 3
========================================================================
Received Import Request.
  Time since last request: 0.000018 seconds.
  path: Assets/Sprites/astroid2.png
  artifactKey: Guid(a928ec272fe96b94e8aec013ce20b776) Importer(815301076,1909f56bfc062723c751e8b465ee728b)
Start importing Assets/Sprites/astroid2.png using Guid(a928ec272fe96b94e8aec013ce20b776) Importer(815301076,1909f56bfc062723c751e8b465ee728b)  -> (artifact id: '60b5538c0bf4c6c03cd215eb9ed2e1db') in 0.026480 seconds
Number of updated asset objects reloaded before import = 0
Number of asset objects unloaded after import = 3
========================================================================
Received Import Request.
  Time since last request: 0.000016 seconds.
  path: Assets/Sprites/scoreimg.png
  artifactKey: Guid(7c241d043e1f80b478f4571a9611b911) Importer(815301076,1909f56bfc062723c751e8b465ee728b)
Start importing Assets/Sprites/scoreimg.png using Guid(7c241d043e1f80b478f4571a9611b911) Importer(815301076,1909f56bfc062723c751e8b465ee728b)  -> (artifact id: '77675a5a0dadf3b399354fffeb1ce387') in 0.025197 seconds
Number of updated asset objects reloaded before import = 0
Number of asset objects unloaded after import = 3
========================================================================
Received Import Request.
  Time since last request: 0.000025 seconds.
  path: Assets/Sprites/endpoint1.png
  artifactKey: Guid(7b5916f2795cb51489429ca5bdb577f9) Importer(815301076,1909f56bfc062723c751e8b465ee728b)
Start importing Assets/Sprites/endpoint1.png using Guid(7b5916f2795cb51489429ca5bdb577f9) Importer(815301076,1909f56bfc062723c751e8b465ee728b)  -> (artifact id: '6ed2cb88f8eb14a00c0891e4128f0d13') in 0.020244 seconds
Number of updated asset objects reloaded before import = 0
Number of asset objects unloaded after import = 3
========================================================================
Received Import Request.
  Time since last request: 0.000191 seconds.
  path: Assets/Sprites/kill png.png
  artifactKey: Guid(24a634ef7e517b7479d3ffd9bcf38b69) Importer(815301076,1909f56bfc062723c751e8b465ee728b)
Start importing Assets/Sprites/kill png.png using Guid(24a634ef7e517b7479d3ffd9bcf38b69) Importer(815301076,1909f56bfc062723c751e8b465ee728b)  -> (artifact id: '38b6f1c88ea50acaf267257b012cc5f2') in 0.024173 seconds
Number of updated asset objects reloaded before import = 0
Number of asset objects unloaded after import = 3
========================================================================
Received Import Request.
  Time since last request: 0.000030 seconds.
  path: Assets/Sprites/bg.png
  artifactKey: Guid(28186bde70c30dd4ab1d3400aaf5df81) Importer(815301076,1909f56bfc062723c751e8b465ee728b)
Start importing Assets/Sprites/bg.png using Guid(28186bde70c30dd4ab1d3400aaf5df81) Importer(815301076,1909f56bfc062723c751e8b465ee728b)  -> (artifact id: 'b0c93626172bbbe6f3f30425d583b553') in 0.020202 seconds
Number of updated asset objects reloaded before import = 0
Number of asset objects unloaded after import = 3
========================================================================
Received Import Request.
  Time since last request: 0.000025 seconds.
  path: Assets/Sprites/astroid4.png
  artifactKey: Guid(7ea39f225cac8f04da75fcb5adc8404f) Importer(815301076,1909f56bfc062723c751e8b465ee728b)
Start importing Assets/Sprites/astroid4.png using Guid(7ea39f225cac8f04da75fcb5adc8404f) Importer(815301076,1909f56bfc062723c751e8b465ee728b)  -> (artifact id: '03bd7e150183de443c50f7855754eab9') in 0.022982 seconds
Number of updated asset objects reloaded before import = 0
Number of asset objects unloaded after import = 3
========================================================================
Received Import Request.
  Time since last request: 0.000029 seconds.
  path: Assets/Sprites/btns.png
  artifactKey: Guid(d7fa8c5b64ed3124692c4cb2ec043f9f) Importer(815301076,1909f56bfc062723c751e8b465ee728b)
Start importing Assets/Sprites/btns.png using Guid(d7fa8c5b64ed3124692c4cb2ec043f9f) Importer(815301076,1909f56bfc062723c751e8b465ee728b)  -> (artifact id: '83abc786029faff9be5cc546a998cb37') in 0.023428 seconds
Number of updated asset objects reloaded before import = 0
Number of asset objects unloaded after import = 4
========================================================================
Received Import Request.
  Time since last request: 0.000018 seconds.
  path: Assets/Sprites/restart panel.png
  artifactKey: Guid(2521f984d6f6aec4d8927c5d03484d05) Importer(815301076,1909f56bfc062723c751e8b465ee728b)
Start importing Assets/Sprites/restart panel.png using Guid(2521f984d6f6aec4d8927c5d03484d05) Importer(815301076,1909f56bfc062723c751e8b465ee728b)  -> (artifact id: 'f4649cb3f2cfe2dae7ae147761d89b08') in 0.023694 seconds
Number of updated asset objects reloaded before import = 0
Number of asset objects unloaded after import = 3
========================================================================
Received Import Request.
  Time since last request: 0.000019 seconds.
  path: Assets/Sprites/end.png
  artifactKey: Guid(c299e5bb274075041b376089d85137ca) Importer(815301076,1909f56bfc062723c751e8b465ee728b)
Start importing Assets/Sprites/end.png using Guid(c299e5bb274075041b376089d85137ca) Importer(815301076,1909f56bfc062723c751e8b465ee728b)  -> (artifact id: '311fbde2f6aa0664f30a9da9ddafb1c3') in 0.020463 seconds
Number of updated asset objects reloaded before import = 0
Number of asset objects unloaded after import = 3
========================================================================
Received Import Request.
  Time since last request: 0.000022 seconds.
  path: Assets/Sprites/circlepng.png
  artifactKey: Guid(ad165db10e9fced4ba5f741a3bfcd359) Importer(815301076,1909f56bfc062723c751e8b465ee728b)
Start importing Assets/Sprites/circlepng.png using Guid(ad165db10e9fced4ba5f741a3bfcd359) Importer(815301076,1909f56bfc062723c751e8b465ee728b)  -> (artifact id: '687d1b3cef21976cbc7119ef7809506d') in 0.019427 seconds
Number of updated asset objects reloaded before import = 0
Number of asset objects unloaded after import = 3
========================================================================
Received Import Request.
  Time since last request: 0.000089 seconds.
  path: Assets/Sprites/metoroids1.png
  artifactKey: Guid(55399ca4514d86a4f889f8e37aef005f) Importer(815301076,1909f56bfc062723c751e8b465ee728b)
Start importing Assets/Sprites/metoroids1.png using Guid(55399ca4514d86a4f889f8e37aef005f) Importer(815301076,1909f56bfc062723c751e8b465ee728b)  -> (artifact id: 'a26da02422a994f558191000dbc31d74') in 0.021556 seconds
Number of updated asset objects reloaded before import = 0
Number of asset objects unloaded after import = 3
========================================================================
Received Import Request.
  Time since last request: 0.000018 seconds.
  path: Assets/Sprites/astroid1.png
  artifactKey: Guid(0c8d7b392c483c742b91e36869c037d2) Importer(815301076,1909f56bfc062723c751e8b465ee728b)
Start importing Assets/Sprites/astroid1.png using Guid(0c8d7b392c483c742b91e36869c037d2) Importer(815301076,1909f56bfc062723c751e8b465ee728b)  -> (artifact id: '26c911d1c4cceb167943d747e535d072') in 0.020855 seconds
Number of updated asset objects reloaded before import = 0
Number of asset objects unloaded after import = 3
========================================================================
Received Import Request.
  Time since last request: 0.000019 seconds.
  path: Assets/Sprites/astroid5.png
  artifactKey: Guid(267ac6cb3d5624c4884d957f225932eb) Importer(815301076,1909f56bfc062723c751e8b465ee728b)
Start importing Assets/Sprites/astroid5.png using Guid(267ac6cb3d5624c4884d957f225932eb) Importer(815301076,1909f56bfc062723c751e8b465ee728b)  -> (artifact id: '857cb3cb524f62954692146be4a9f7bc') in 0.022033 seconds
Number of updated asset objects reloaded before import = 0
Number of asset objects unloaded after import = 3
========================================================================
Received Import Request.
  Time since last request: 0.000022 seconds.
  path: Assets/Sprites/heart.png
  artifactKey: Guid(f13257b5cf70d3440aafe2c96f988362) Importer(815301076,1909f56bfc062723c751e8b465ee728b)
Start importing Assets/Sprites/heart.png using Guid(f13257b5cf70d3440aafe2c96f988362) Importer(815301076,1909f56bfc062723c751e8b465ee728b)  -> (artifact id: '49f8589497a3ab0206913e4c72fba794') in 0.021937 seconds
Number of updated asset objects reloaded before import = 0
Number of asset objects unloaded after import = 4
========================================================================
Received Import Request.
  Time since last request: 0.000029 seconds.
  path: Assets/Sprites/Montserrat-Bold.ttf
  artifactKey: Guid(ca3e13a09ccc06145a7aec40307a7fb9) Importer(815301076,1909f56bfc062723c751e8b465ee728b)
Start importing Assets/Sprites/Montserrat-Bold.ttf using Guid(ca3e13a09ccc06145a7aec40307a7fb9) Importer(815301076,1909f56bfc062723c751e8b465ee728b)  -> (artifact id: 'c59d029ef7d5e0730e1cd577fb72f1b9') in 0.009693 seconds
Number of updated asset objects reloaded before import = 0
Number of asset objects unloaded after import = 4
========================================================================
Received Import Request.
  Time since last request: 0.000020 seconds.
  path: Assets/Sprites/bigastrod1.png
  artifactKey: Guid(9d251765e27eb924f9317323848b24c1) Importer(815301076,1909f56bfc062723c751e8b465ee728b)
Start importing Assets/Sprites/bigastrod1.png using Guid(9d251765e27eb924f9317323848b24c1) Importer(815301076,1909f56bfc062723c751e8b465ee728b)  -> (artifact id: 'f03fe8dd9951e7aff61d22373d451d68') in 0.022688 seconds
Number of updated asset objects reloaded before import = 0
Number of asset objects unloaded after import = 3
========================================================================
Received Import Request.
  Time since last request: 0.000025 seconds.
  path: Assets/Sprites/astroid3.png
  artifactKey: Guid(fb9d65f8fea962c45a2ed57f05727ed3) Importer(815301076,1909f56bfc062723c751e8b465ee728b)
Start importing Assets/Sprites/astroid3.png using Guid(fb9d65f8fea962c45a2ed57f05727ed3) Importer(815301076,1909f56bfc062723c751e8b465ee728b)  -> (artifact id: 'dccabc83ed422b7a05b442f9f532d141') in 0.021754 seconds
Number of updated asset objects reloaded before import = 0
Number of asset objects unloaded after import = 3
========================================================================
Received Import Request.
  Time since last request: 0.000029 seconds.
  path: Assets/Sprites/plane1.png
  artifactKey: Guid(c36f1f05114d0404a81cce9f2409dd10) Importer(815301076,1909f56bfc062723c751e8b465ee728b)
Start importing Assets/Sprites/plane1.png using Guid(c36f1f05114d0404a81cce9f2409dd10) Importer(815301076,1909f56bfc062723c751e8b465ee728b)  -> (artifact id: 'b0241f9071412478993bdd9ccf996a5f') in 0.022170 seconds
Number of updated asset objects reloaded before import = 0
Number of asset objects unloaded after import = 3
========================================================================
Received Import Request.
  Time since last request: 0.000034 seconds.
  path: Assets/Sprites/permenantbg.png
  artifactKey: Guid(f590d9dd82e632744ba77c575f04143e) Importer(815301076,1909f56bfc062723c751e8b465ee728b)
Start importing Assets/Sprites/permenantbg.png using Guid(f590d9dd82e632744ba77c575f04143e) Importer(815301076,1909f56bfc062723c751e8b465ee728b)  -> (artifact id: 'bf1ed5f0db3380f0c800b0f0202cc9da') in 0.052191 seconds
Number of updated asset objects reloaded before import = 0
Number of asset objects unloaded after import = 3
========================================================================
Received Import Request.
  Time since last request: 0.000021 seconds.
  path: Assets/Sprites/bg01.png
  artifactKey: Guid(ec913bd0e9bfb094a8e7e677bca9978f) Importer(815301076,1909f56bfc062723c751e8b465ee728b)
Start importing Assets/Sprites/bg01.png using Guid(ec913bd0e9bfb094a8e7e677bca9978f) Importer(815301076,1909f56bfc062723c751e8b465ee728b)  -> (artifact id: '1d92eb7402687a773f90fb589d421cca') in 0.036638 seconds
Number of updated asset objects reloaded before import = 0
Number of asset objects unloaded after import = 3
========================================================================
Received Import Request.
  Time since last request: 0.000021 seconds.
  path: Assets/Sprites/astroid.png
  artifactKey: Guid(6650439f82dd9ac4a9ecc5fd1e09e421) Importer(815301076,1909f56bfc062723c751e8b465ee728b)
Start importing Assets/Sprites/astroid.png using Guid(6650439f82dd9ac4a9ecc5fd1e09e421) Importer(815301076,1909f56bfc062723c751e8b465ee728b)  -> (artifact id: 'f409fbd7423bc593d45183fec2325fac') in 0.018546 seconds
Number of updated asset objects reloaded before import = 0
Number of asset objects unloaded after import = 3
========================================================================
Received Import Request.
  Time since last request: 0.000019 seconds.
  path: Assets/Sprites/endpoint.png
  artifactKey: Guid(5a77117bae7bce848931b1f757d3384f) Importer(815301076,1909f56bfc062723c751e8b465ee728b)
Start importing Assets/Sprites/endpoint.png using Guid(5a77117bae7bce848931b1f757d3384f) Importer(815301076,1909f56bfc062723c751e8b465ee728b)  -> (artifact id: 'bb979de2cff21d8c54612fc3aed73601') in 0.017569 seconds
Number of updated asset objects reloaded before import = 0
Number of asset objects unloaded after import = 3
========================================================================
Received Import Request.
  Time since last request: 0.000184 seconds.
  path: Assets/Sprites/circlenonshadows.png
  artifactKey: Guid(98562de8adb81554ca027d89f1d05b52) Importer(815301076,1909f56bfc062723c751e8b465ee728b)
Start importing Assets/Sprites/circlenonshadows.png using Guid(98562de8adb81554ca027d89f1d05b52) Importer(815301076,1909f56bfc062723c751e8b465ee728b)  -> (artifact id: '9eee94e0530ce352a55ac059b464d805') in 0.018927 seconds
Number of updated asset objects reloaded before import = 0
Number of asset objects unloaded after import = 3
========================================================================
Received Import Request.
  Time since last request: 0.000018 seconds.
  path: Assets/Sprites/hear1.png
  artifactKey: Guid(b678303838a8b004ba09fb782da48fcd) Importer(815301076,1909f56bfc062723c751e8b465ee728b)
Start importing Assets/Sprites/hear1.png using Guid(b678303838a8b004ba09fb782da48fcd) Importer(815301076,1909f56bfc062723c751e8b465ee728b)  -> (artifact id: 'cf712d9cebaf3bd1a6b8c8c40da3b170') in 0.026218 seconds
Number of updated asset objects reloaded before import = 0
Number of asset objects unloaded after import = 4
========================================================================
Received Import Request.
  Time since last request: 6.288262 seconds.
  path: Assets/AllIn1SpriteShader/Demo
  artifactKey: Guid(8547c35f10eb6ad4697607cdde60ad3c) Importer(815301076,1909f56bfc062723c751e8b465ee728b)
Start importing Assets/AllIn1SpriteShader/Demo using Guid(8547c35f10eb6ad4697607cdde60ad3c) Importer(815301076,1909f56bfc062723c751e8b465ee728b)  -> (artifact id: '12fc72570ea11272268c92d18a7f0036') in 0.000815 seconds
Number of updated asset objects reloaded before import = 0
Number of asset objects unloaded after import = 0
========================================================================
Received Import Request.
  Time since last request: 10.526910 seconds.
  path: Assets/Prefabs/Astroid.prefab
  artifactKey: Guid(c4c56f18cfdaf9a48901bc0589969fce) Importer(815301076,1909f56bfc062723c751e8b465ee728b)
Start importing Assets/Prefabs/Astroid.prefab using Guid(c4c56f18cfdaf9a48901bc0589969fce) Importer(815301076,1909f56bfc062723c751e8b465ee728b)  -> (artifact id: '55699b5488f1a7dc7c4a4f7800c42817') in 0.072801 seconds
Number of updated asset objects reloaded before import = 0
Number of asset objects unloaded after import = 22
========================================================================
Received Import Request.
  Time since last request: 0.000024 seconds.
  path: Assets/Prefabs/EnemyDeathEffects.prefab
  artifactKey: Guid(28ff42c8d22b8eb438e01eefca0b529e) Importer(815301076,1909f56bfc062723c751e8b465ee728b)
Start importing Assets/Prefabs/EnemyDeathEffects.prefab using Guid(28ff42c8d22b8eb438e01eefca0b529e) Importer(815301076,1909f56bfc062723c751e8b465ee728b)  -> (artifact id: 'e0c79c79350009d56eef0cf770eae24e') in 0.021474 seconds
Number of updated asset objects reloaded before import = 0
Number of asset objects unloaded after import = 8
========================================================================
Received Import Request.
  Time since last request: 0.000056 seconds.
  path: Assets/Prefabs/Level2Laser.prefab
  artifactKey: Guid(47eb0fda33d67354882cd761802c501a) Importer(815301076,1909f56bfc062723c751e8b465ee728b)
Start importing Assets/Prefabs/Level2Laser.prefab using Guid(47eb0fda33d67354882cd761802c501a) Importer(815301076,1909f56bfc062723c751e8b465ee728b)  -> (artifact id: '12e1fe5aaccd4ec389b332f4fb1da335') in 0.014252 seconds
Number of updated asset objects reloaded before import = 0
Number of asset objects unloaded after import = 12
========================================================================
Received Import Request.
  Time since last request: 0.000035 seconds.
  path: Assets/Prefabs/AstroidDeathEffects.prefab
  artifactKey: Guid(9b0618ebf5bd3f24e9028ad31f34b4cf) Importer(815301076,1909f56bfc062723c751e8b465ee728b)
Start importing Assets/Prefabs/AstroidDeathEffects.prefab using Guid(9b0618ebf5bd3f24e9028ad31f34b4cf) Importer(815301076,1909f56bfc062723c751e8b465ee728b)  -> (artifact id: '1ca091c8204cb6c23ecd411301e4b6e3') in 0.012366 seconds
Number of updated asset objects reloaded before import = 0
Number of asset objects unloaded after import = 8
========================================================================
Received Import Request.
  Time since last request: 0.000021 seconds.
  path: Assets/Prefabs/Level3Laser.prefab
  artifactKey: Guid(fe283cf9637e1fb458f5325d2cff1296) Importer(815301076,1909f56bfc062723c751e8b465ee728b)
Start importing Assets/Prefabs/Level3Laser.prefab using Guid(fe283cf9637e1fb458f5325d2cff1296) Importer(815301076,1909f56bfc062723c751e8b465ee728b)  -> (artifact id: '678660d5e51cf5c90730d8d65f3c8034') in 0.017340 seconds
Number of updated asset objects reloaded before import = 0
Number of asset objects unloaded after import = 61
========================================================================
Received Import Request.
  Time since last request: 0.000089 seconds.
  path: Assets/Prefabs/Laser.prefab
  artifactKey: Guid(db8ab59ebe86ce34bb0144b173f50dce) Importer(815301076,1909f56bfc062723c751e8b465ee728b)
Start importing Assets/Prefabs/Laser.prefab using Guid(db8ab59ebe86ce34bb0144b173f50dce) Importer(815301076,1909f56bfc062723c751e8b465ee728b)  -> (artifact id: '4c34f0c2adcbff089718eb1d3d54ddf2') in 0.007201 seconds
Number of updated asset objects reloaded before import = 0
Number of asset objects unloaded after import = 12
========================================================================
Received Import Request.
  Time since last request: 0.000020 seconds.
  path: Assets/Prefabs/Player.prefab
  artifactKey: Guid(984c26195ca56a54bb10bf99b69c71a2) Importer(815301076,1909f56bfc062723c751e8b465ee728b)
Start importing Assets/Prefabs/Player.prefab using Guid(984c26195ca56a54bb10bf99b69c71a2) Importer(815301076,1909f56bfc062723c751e8b465ee728b)  -> (artifact id: '67c4eb9a1c9ca0b7a4eb0fb9bbbad101') in 0.028657 seconds
Number of updated asset objects reloaded before import = 0
Number of asset objects unloaded after import = 49
========================================================================
Received Import Request.
  Time since last request: 0.000025 seconds.
  path: Assets/Prefabs/LaserSpawner.prefab
  artifactKey: Guid(fd0198d7e99da154187d1e9783cdee9c) Importer(815301076,1909f56bfc062723c751e8b465ee728b)
Start importing Assets/Prefabs/LaserSpawner.prefab using Guid(fd0198d7e99da154187d1e9783cdee9c) Importer(815301076,1909f56bfc062723c751e8b465ee728b)  -> (artifact id: '2e6bb85deb050ae0ef9f57414e162cea') in 0.003019 seconds
Number of updated asset objects reloaded before import = 0
Number of asset objects unloaded after import = 15
========================================================================
Received Import Request.
  Time since last request: 0.000017 seconds.
  path: Assets/Prefabs/PlayerDeathEffects.prefab
  artifactKey: Guid(b753be8cc9403b445a97c1f6eaece938) Importer(815301076,1909f56bfc062723c751e8b465ee728b)
Start importing Assets/Prefabs/PlayerDeathEffects.prefab using Guid(b753be8cc9403b445a97c1f6eaece938) Importer(815301076,1909f56bfc062723c751e8b465ee728b)  -> (artifact id: 'cbc7d423ce8650379c218661cfefd751') in 0.011388 seconds
Number of updated asset objects reloaded before import = 0
Number of asset objects unloaded after import = 8
========================================================================
Received Import Request.
  Time since last request: 0.000025 seconds.
  path: Assets/Prefabs/BigAstroidFx.prefab
  artifactKey: Guid(4c76125263131c54381d37927c7591c1) Importer(815301076,1909f56bfc062723c751e8b465ee728b)
Start importing Assets/Prefabs/BigAstroidFx.prefab using Guid(4c76125263131c54381d37927c7591c1) Importer(815301076,1909f56bfc062723c751e8b465ee728b)  -> (artifact id: 'c6b36ad5b02faff2cd085edc0a3e9b0f') in 0.012908 seconds
Number of updated asset objects reloaded before import = 0
Number of asset objects unloaded after import = 8
========================================================================
Received Import Request.
  Time since last request: 0.000051 seconds.
  path: Assets/Prefabs/BigAstroid.prefab
  artifactKey: Guid(6243ced9549894b4490b830227487ba1) Importer(815301076,1909f56bfc062723c751e8b465ee728b)
Start importing Assets/Prefabs/BigAstroid.prefab using Guid(6243ced9549894b4490b830227487ba1) Importer(815301076,1909f56bfc062723c751e8b465ee728b)  -> (artifact id: '6693119ba82738565dd3deadcb394c63') in 0.014771 seconds
Number of updated asset objects reloaded before import = 0
Number of asset objects unloaded after import = 16
========================================================================
Received Import Request.
  Time since last request: 0.000023 seconds.
  path: Assets/Prefabs/Metorids.prefab
  artifactKey: Guid(fa7235460064a1847b5c9ae503710dcc) Importer(815301076,1909f56bfc062723c751e8b465ee728b)
Start importing Assets/Prefabs/Metorids.prefab using Guid(fa7235460064a1847b5c9ae503710dcc) Importer(815301076,1909f56bfc062723c751e8b465ee728b)  -> (artifact id: 'e9bad656c68d35c9fbc23e814a90a288') in 0.017840 seconds
Number of updated asset objects reloaded before import = 0
Number of asset objects unloaded after import = 21
